/bin/sh: 1: /root/anaconda3/envs/ML_p38/bin/python: not found
Traceback (most recent call last):
  File "/home/stanlee321/Desktop/2020/elecciones/elecciones_scraper_2020/main.py", line 379, in <module>
    download_path = os.path.join(cwd, "tmp")
  File "/usr/lib/python3.8/posixpath.py", line 76, in join
    a = os.fspath(a)
TypeError: expected str, bytes or os.PathLike object, not NoneType
/bin/sh: 1: /root/anaconda3/envs/ML_p38/bin/python: not found
Traceback (most recent call last):
  File "/home/stanlee321/Desktop/2020/elecciones/elecciones_scraper_2020/main.py", line 379, in <module>
    download_path = os.path.join(cwd, "tmp")
  File "/usr/lib/python3.8/posixpath.py", line 76, in join
    a = os.fspath(a)
TypeError: expected str, bytes or os.PathLike object, not NoneType
/bin/sh: 1: /root/anaconda3/envs/ML_p38/bin/python: not found
Traceback (most recent call last):
  File "/home/stanlee321/Desktop/2020/elecciones/elecciones_scraper_2020/main.py", line 379, in <module>
    download_path = os.path.join(cwd, "tmp")
  File "/usr/lib/python3.8/posixpath.py", line 76, in join
    a = os.fspath(a)
TypeError: expected str, bytes or os.PathLike object, not NoneType
/bin/sh: 1: /root/anaconda3/envs/ML_p38/bin/python: not found
Traceback (most recent call last):
  File "/home/stanlee321/Desktop/2020/elecciones/elecciones_scraper_2020/main.py", line 379, in <module>
    download_path = os.path.join(cwd, "tmp")
  File "/usr/lib/python3.8/posixpath.py", line 76, in join
    a = os.fspath(a)
TypeError: expected str, bytes or os.PathLike object, not NoneType
/bin/sh: 1: /root/anaconda3/envs/ML_p38/bin/python: not found
Traceback (most recent call last):
  File "/home/stanlee321/Desktop/2020/elecciones/elecciones_scraper_2020/main.py", line 379, in <module>
    download_path = os.path.join(cwd, "tmp")
  File "/usr/lib/python3.8/posixpath.py", line 76, in join
    a = os.fspath(a)
TypeError: expected str, bytes or os.PathLike object, not NoneType
/bin/sh: 1: /root/anaconda3/envs/ML_p38/bin/python: not found
Traceback (most recent call last):
  File "/home/stanlee321/Desktop/2020/elecciones/elecciones_scraper_2020/main.py", line 379, in <module>
    download_path = os.path.join(cwd, "tmp")
  File "/usr/lib/python3.8/posixpath.py", line 76, in join
    a = os.fspath(a)
TypeError: expected str, bytes or os.PathLike object, not NoneType
/bin/sh: 1: /root/anaconda3/envs/ML_p38/bin/python: not found
Traceback (most recent call last):
  File "/home/stanlee321/Desktop/2020/elecciones/elecciones_scraper_2020/main.py", line 381, in <module>
    download_path = os.path.join(cwd, "tmp")
  File "/usr/lib/python3.8/posixpath.py", line 76, in join
    a = os.fspath(a)
TypeError: expected str, bytes or os.PathLike object, not NoneType
/bin/sh: 1: /root/anaconda3/envs/ML_p38/bin/python: not found
Traceback (most recent call last):
  File "/home/stanlee321/Desktop/2020/elecciones/elecciones_scraper_2020/main.py", line 388, in <module>
    download_path = os.path.join(cwd, "tmp")
  File "/usr/lib/python3.8/posixpath.py", line 76, in join
    a = os.fspath(a)
TypeError: expected str, bytes or os.PathLike object, not NoneType
/bin/sh: 1: /root/anaconda3/envs/ML_p38/bin/python: not found
Traceback (most recent call last):
  File "/home/stanlee321/Desktop/2020/elecciones/elecciones_scraper_2020/main.py", line 388, in <module>
    download_path = os.path.join(cwd, "tmp")
  File "/usr/lib/python3.8/posixpath.py", line 76, in join
    a = os.fspath(a)
TypeError: expected str, bytes or os.PathLike object, not NoneType
/bin/sh: 1: /root/anaconda3/envs/ML_p38/bin/python: not found
Traceback (most recent call last):
  File "/home/stanlee321/Desktop/2020/elecciones/elecciones_scraper_2020/main.py", line 388, in <module>
    download_path = os.path.join(cwd, "tmp")
  File "/usr/lib/python3.8/posixpath.py", line 76, in join
    a = os.fspath(a)
TypeError: expected str, bytes or os.PathLike object, not NoneType
/bin/sh: 1: /root/anaconda3/envs/ML_p38/bin/python: not found
Traceback (most recent call last):
  File "/home/stanlee321/Desktop/2020/elecciones/elecciones_scraper_2020/main.py", line 388, in <module>
    download_path = os.path.join(cwd, "tmp")
  File "/usr/lib/python3.8/posixpath.py", line 76, in join
    a = os.fspath(a)
TypeError: expected str, bytes or os.PathLike object, not NoneType
/bin/sh: 1: /root/anaconda3/envs/ML_p38/bin/python: not found
Traceback (most recent call last):
  File "/home/stanlee321/Desktop/2020/elecciones/elecciones_scraper_2020/main.py", line 389, in <module>
    download_path = os.path.join(cwd, "tmp")
  File "/usr/lib/python3.8/posixpath.py", line 76, in join
    a = os.fspath(a)
TypeError: expected str, bytes or os.PathLike object, not NoneType
/bin/sh: 1: /root/anaconda3/envs/ML_p38/bin/python: not found
Traceback (most recent call last):
  File "/home/stanlee321/Desktop/2020/elecciones/elecciones_scraper_2020/main.py", line 389, in <module>
    download_path = os.path.join(cwd, "tmp")
  File "/usr/lib/python3.8/posixpath.py", line 76, in join
    a = os.fspath(a)
TypeError: expected str, bytes or os.PathLike object, not NoneType
/bin/sh: 1: /root/anaconda3/envs/ML_p38/bin/python: not found
Traceback (most recent call last):
  File "/home/stanlee321/Desktop/2020/elecciones/elecciones_scraper_2020/main.py", line 389, in <module>
    download_path = os.path.join(cwd, "tmp")
  File "/usr/lib/python3.8/posixpath.py", line 76, in join
    a = os.fspath(a)
TypeError: expected str, bytes or os.PathLike object, not NoneType
/bin/sh: 1: /root/anaconda3/envs/ML_p38/bin/python: not found
Traceback (most recent call last):
  File "/home/stanlee321/Desktop/2020/elecciones/elecciones_scraper_2020/main.py", line 389, in <module>
    download_path = os.path.join(cwd, "tmp")
  File "/usr/lib/python3.8/posixpath.py", line 76, in join
    a = os.fspath(a)
TypeError: expected str, bytes or os.PathLike object, not NoneType
/bin/sh: 1: /root/anaconda3/envs/ML_p38/bin/python: not found
Traceback (most recent call last):
  File "/home/stanlee321/Desktop/2020/elecciones/elecciones_scraper_2020/main.py", line 389, in <module>
    download_path = os.path.join(cwd, "tmp")
  File "/usr/lib/python3.8/posixpath.py", line 76, in join
    a = os.fspath(a)
TypeError: expected str, bytes or os.PathLike object, not NoneType
